DEBUG 2023-07-09 09:05:28.734 UTC: 	 CRAB Client version: v3.230417
DEBUG 2023-07-09 09:05:28.734 UTC: 	 Running on: Linux lxplus774.cern.ch 3.10.0-1160.90.1.el7.x86_64 #1 SMP Thu May 4 15:21:22 UTC 2023 x86_64 x86_64 x86_64 GNU/Linux - CentOS Linux 7 (Core)
DEBUG 2023-07-09 09:05:28.734 UTC: 	 Executing command: 'status'
DEBUG 2023-07-09 09:05:28.734 UTC: 	 Found CRAB cache file /afs/cern.ch/user/s/skeshri/.crab3
ERROR 2023-07-09 09:05:28.735 UTC: 	 Error: rab_369978_Muon1 is not a valid CRAB project directory.
ERROR 2023-07-09 09:05:28.735 UTC: 	 Caught ClientException exception
Traceback (most recent call last):
  File "/cvmfs/cms.cern.ch/share/cms/crab-prod/v3.230417.01/bin/crab.py", line 159, in <module>
    client()
  File "/cvmfs/cms.cern.ch/share/cms/crab-prod/v3.230417.01/bin/crab.py", line 144, in __call__
    self.cmd = sub_cmd(self.logger, args[1:])
  File "/cvmfs/cms.cern.ch/share/cms/crab-prod/v3.230417.01/lib/CRABClient/Commands/status.py", line 48, in __init__
    SubCommand.__init__(self, logger, cmdargs)
  File "/cvmfs/cms.cern.ch/share/cms/crab-prod/v3.230417.01/lib/CRABClient/Commands/SubCommand.py", line 275, in __init__
    SubCommand.validateOptions(self)
  File "/cvmfs/cms.cern.ch/share/cms/crab-prod/v3.230417.01/lib/CRABClient/Commands/SubCommand.py", line 642, in validateOptions
    raise ConfigurationException(msg)
CRABClient.ClientExceptions.ConfigurationException: [91mError[0m: rab_369978_Muon1 is not a valid CRAB project directory.
INFO 2023-07-09 09:05:28.737 UTC: 	 Log file is /afs/cern.ch/work/s/skeshri/GEM_efficiency/Ntuple/CMSSW_13_0_9/src/MuDPGAnalysis/MuonDPGNtuples/CRAB_SUB/crab.log
DEBUG 2023-07-09 09:05:33.845 UTC: 	 CRAB Client version: v3.230417
DEBUG 2023-07-09 09:05:33.845 UTC: 	 Running on: Linux lxplus774.cern.ch 3.10.0-1160.90.1.el7.x86_64 #1 SMP Thu May 4 15:21:22 UTC 2023 x86_64 x86_64 x86_64 GNU/Linux - CentOS Linux 7 (Core)
DEBUG 2023-07-09 09:05:33.845 UTC: 	 Executing command: 'status'
DEBUG 2023-07-09 09:05:33.845 UTC: 	 Found CRAB cache file /afs/cern.ch/user/s/skeshri/.crab3
ERROR 2023-07-09 09:05:33.846 UTC: 	 Error: rab_369978_Muon1 is not a valid CRAB project directory.
ERROR 2023-07-09 09:05:33.846 UTC: 	 Caught ClientException exception
Traceback (most recent call last):
  File "/cvmfs/cms.cern.ch/share/cms/crab-prod/v3.230417.01/bin/crab.py", line 159, in <module>
    client()
  File "/cvmfs/cms.cern.ch/share/cms/crab-prod/v3.230417.01/bin/crab.py", line 144, in __call__
    self.cmd = sub_cmd(self.logger, args[1:])
  File "/cvmfs/cms.cern.ch/share/cms/crab-prod/v3.230417.01/lib/CRABClient/Commands/status.py", line 48, in __init__
    SubCommand.__init__(self, logger, cmdargs)
  File "/cvmfs/cms.cern.ch/share/cms/crab-prod/v3.230417.01/lib/CRABClient/Commands/SubCommand.py", line 275, in __init__
    SubCommand.validateOptions(self)
  File "/cvmfs/cms.cern.ch/share/cms/crab-prod/v3.230417.01/lib/CRABClient/Commands/SubCommand.py", line 642, in validateOptions
    raise ConfigurationException(msg)
CRABClient.ClientExceptions.ConfigurationException: [91mError[0m: rab_369978_Muon1 is not a valid CRAB project directory.
INFO 2023-07-09 09:05:33.847 UTC: 	 Log file is /afs/cern.ch/work/s/skeshri/GEM_efficiency/Ntuple/CMSSW_13_0_9/src/MuDPGAnalysis/MuonDPGNtuples/CRAB_SUB/crab.log
DEBUG 2023-10-11 10:28:47.597 UTC: 	 CRAB Client version: v3.230612
DEBUG 2023-10-11 10:28:47.597 UTC: 	 Running on: Linux lxplus717.cern.ch 3.10.0-1160.95.1.el7.x86_64 #1 SMP Mon Jul 24 13:59:37 UTC 2023 x86_64 x86_64 x86_64 GNU/Linux - CentOS Linux 7 (Core)
DEBUG 2023-10-11 10:28:47.597 UTC: 	 Executing command: 'submit'
DEBUG 2023-10-11 10:28:47.597 UTC: 	 Found CRAB cache file /afs/cern.ch/user/s/skeshri/.crab3
DEBUG 2023-10-11 10:28:47.598 UTC: 	 Will use CRAB Analysis plugin (i.e. will run an analysis job type).
DEBUG 2023-10-11 11:12:08.296 UTC: 	 CRAB Client version: v3.230612
DEBUG 2023-10-11 11:12:08.296 UTC: 	 Running on: Linux lxplus717.cern.ch 3.10.0-1160.95.1.el7.x86_64 #1 SMP Mon Jul 24 13:59:37 UTC 2023 x86_64 x86_64 x86_64 GNU/Linux - CentOS Linux 7 (Core)
DEBUG 2023-10-11 11:12:08.296 UTC: 	 Executing command: 'status'
DEBUG 2023-10-11 11:12:08.296 UTC: 	 Found CRAB cache file /afs/cern.ch/user/s/skeshri/.crab3
ERROR 2023-10-11 11:12:08.297 UTC: 	 Error: crab_20231011_13 is not a valid CRAB project directory.
ERROR 2023-10-11 11:12:08.297 UTC: 	 Caught ClientException exception
Traceback (most recent call last):
  File "/cvmfs/cms.cern.ch/share/cms/crab-prod/v3.230612.00/bin/crab.py", line 159, in <module>
    client()
  File "/cvmfs/cms.cern.ch/share/cms/crab-prod/v3.230612.00/bin/crab.py", line 144, in __call__
    self.cmd = sub_cmd(self.logger, args[1:])
  File "/cvmfs/cms.cern.ch/share/cms/crab-prod/v3.230612.00/lib/CRABClient/Commands/status.py", line 48, in __init__
    SubCommand.__init__(self, logger, cmdargs)
  File "/cvmfs/cms.cern.ch/share/cms/crab-prod/v3.230612.00/lib/CRABClient/Commands/SubCommand.py", line 275, in __init__
    SubCommand.validateOptions(self)
  File "/cvmfs/cms.cern.ch/share/cms/crab-prod/v3.230612.00/lib/CRABClient/Commands/SubCommand.py", line 642, in validateOptions
    raise ConfigurationException(msg)
CRABClient.ClientExceptions.ConfigurationException: [91mError[0m: crab_20231011_13 is not a valid CRAB project directory.
INFO 2023-10-11 11:12:08.300 UTC: 	 Log file is /afs/cern.ch/work/s/skeshri/GEM_efficiency/Ntuple/HI/CMSSW_13_2_5_patch3/src/MuDPGAnalysis/MuonDPGNtuples/CRAB_SUB/crab.log
DEBUG 2023-10-22 08:53:49.903 UTC: 	 CRAB Client version: v3.230612
DEBUG 2023-10-22 08:53:49.903 UTC: 	 Running on: Linux lxplus717.cern.ch 3.10.0-1160.99.1.el7.x86_64 #1 SMP Wed Sep 13 14:19:20 UTC 2023 x86_64 x86_64 x86_64 GNU/Linux - CentOS Linux 7 (Core)
DEBUG 2023-10-22 08:53:49.903 UTC: 	 Executing command: 'submit'
DEBUG 2023-10-22 08:53:49.905 UTC: 	 Found CRAB cache file /afs/cern.ch/user/s/skeshri/.crab3
DEBUG 2023-10-22 08:53:49.905 UTC: 	 Will use CRAB Analysis plugin (i.e. will run an analysis job type).
DEBUG 2024-07-04 12:38:41.021 UTC: 	 CRAB Client version: v3.240621
DEBUG 2024-07-04 12:38:41.021 UTC: 	 Running on: Linux lxplus9109.cern.ch 5.14.0-427.22.1.el9_4.x86_64 #1 SMP PREEMPT_DYNAMIC Mon Jun 10 09:23:36 EDT 2024 x86_64 x86_64 x86_64 GNU/Linux - Red Hat Enterprise Linux 9.4 (Plow)
DEBUG 2024-07-04 12:38:41.021 UTC: 	 Executing command: 'submit'
DEBUG 2024-07-04 12:38:41.021 UTC: 	 Found CRAB cache file /afs/cern.ch/user/s/skeshri/.crab3
DEBUG 2024-07-04 12:38:41.022 UTC: 	 Will use CRAB plugin ANALYSIS (i.e. will run an analysis job type).
DEBUG 2024-07-13 10:47:36.582 UTC: 	 CRAB Client version: v3.240621
DEBUG 2024-07-13 10:47:36.583 UTC: 	 Running on: Linux lxplus999.cern.ch 5.14.0-427.22.1.el9_4.x86_64 #1 SMP PREEMPT_DYNAMIC Mon Jun 10 09:23:36 EDT 2024 x86_64 x86_64 x86_64 GNU/Linux - Red Hat Enterprise Linux 9.4 (Plow)
DEBUG 2024-07-13 10:47:36.583 UTC: 	 Executing command: 'submit'
DEBUG 2024-07-13 10:47:36.583 UTC: 	 Found CRAB cache file /afs/cern.ch/user/s/skeshri/.crab3
DEBUG 2024-07-13 10:47:36.583 UTC: 	 Will use CRAB plugin ANALYSIS (i.e. will run an analysis job type).
DEBUG 2024-07-13 12:05:21.384 UTC: 	 CRAB Client version: v3.240621
DEBUG 2024-07-13 12:05:21.385 UTC: 	 Running on: Linux lxplus999.cern.ch 5.14.0-427.22.1.el9_4.x86_64 #1 SMP PREEMPT_DYNAMIC Mon Jun 10 09:23:36 EDT 2024 x86_64 x86_64 x86_64 GNU/Linux - Red Hat Enterprise Linux 9.4 (Plow)
DEBUG 2024-07-13 12:05:21.385 UTC: 	 Executing command: 'submit'
DEBUG 2024-07-13 12:05:21.385 UTC: 	 Found CRAB cache file /afs/cern.ch/user/s/skeshri/.crab3
DEBUG 2024-07-13 12:05:21.385 UTC: 	 Will use CRAB plugin ANALYSIS (i.e. will run an analysis job type).
DEBUG 2024-07-21 08:01:06.794 UTC: 	 CRAB Client version: v3.240621
DEBUG 2024-07-21 08:01:06.794 UTC: 	 Running on: Linux lxplus932.cern.ch 5.14.0-427.22.1.el9_4.x86_64 #1 SMP PREEMPT_DYNAMIC Mon Jun 10 09:23:36 EDT 2024 x86_64 x86_64 x86_64 GNU/Linux - Red Hat Enterprise Linux 9.4 (Plow)
DEBUG 2024-07-21 08:01:06.794 UTC: 	 Executing command: 'submit'
DEBUG 2024-07-21 08:01:06.795 UTC: 	 Found CRAB cache file /afs/cern.ch/user/s/skeshri/.crab3
DEBUG 2024-07-21 08:01:06.810 UTC: 	 Will use CRAB plugin ANALYSIS (i.e. will run an analysis job type).
DEBUG 2024-07-25 10:07:23.326 UTC: 	 CRAB Client version: v3.240621
DEBUG 2024-07-25 10:07:23.326 UTC: 	 Running on: Linux lxplus979.cern.ch 5.14.0-427.24.1.el9_4.x86_64 #1 SMP PREEMPT_DYNAMIC Sun Jun 23 11:48:35 EDT 2024 x86_64 x86_64 x86_64 GNU/Linux - Red Hat Enterprise Linux 9.4 (Plow)
DEBUG 2024-07-25 10:07:23.326 UTC: 	 Executing command: 'resubmit'
DEBUG 2024-07-25 10:07:23.326 UTC: 	 Found CRAB cache file /afs/cern.ch/user/s/skeshri/.crab3
DEBUG 2024-07-25 10:08:08.890 UTC: 	 CRAB Client version: v3.240621
DEBUG 2024-07-25 10:08:08.890 UTC: 	 Running on: Linux lxplus979.cern.ch 5.14.0-427.24.1.el9_4.x86_64 #1 SMP PREEMPT_DYNAMIC Sun Jun 23 11:48:35 EDT 2024 x86_64 x86_64 x86_64 GNU/Linux - Red Hat Enterprise Linux 9.4 (Plow)
DEBUG 2024-07-25 10:08:08.890 UTC: 	 Executing command: 'submit'
DEBUG 2024-07-25 10:08:08.890 UTC: 	 Found CRAB cache file /afs/cern.ch/user/s/skeshri/.crab3
DEBUG 2024-07-25 10:08:18.249 UTC: 	 CRAB Client version: v3.240621
DEBUG 2024-07-25 10:08:18.249 UTC: 	 Running on: Linux lxplus979.cern.ch 5.14.0-427.24.1.el9_4.x86_64 #1 SMP PREEMPT_DYNAMIC Sun Jun 23 11:48:35 EDT 2024 x86_64 x86_64 x86_64 GNU/Linux - Red Hat Enterprise Linux 9.4 (Plow)
DEBUG 2024-07-25 10:08:18.249 UTC: 	 Executing command: 'recover'
DEBUG 2024-07-25 10:08:18.249 UTC: 	 Found CRAB cache file /afs/cern.ch/user/s/skeshri/.crab3
DEBUG 2024-08-22 04:26:26.419 UTC: 	 CRAB Client version: v3.240621
DEBUG 2024-08-22 04:26:26.419 UTC: 	 Running on: Linux lxplus978.cern.ch 5.14.0-427.28.1.el9_4.x86_64 #1 SMP PREEMPT_DYNAMIC Fri Jul 19 14:40:47 EDT 2024 x86_64 x86_64 x86_64 GNU/Linux - Red Hat Enterprise Linux 9.4 (Plow)
DEBUG 2024-08-22 04:26:26.419 UTC: 	 Executing command: 'submit'
DEBUG 2024-08-22 04:26:26.420 UTC: 	 Found CRAB cache file /afs/cern.ch/user/s/skeshri/.crab3
DEBUG 2024-08-22 04:26:26.421 UTC: 	 Will use CRAB plugin ANALYSIS (i.e. will run an analysis job type).
DEBUG 2024-08-28 08:11:10.264 UTC: 	 CRAB Client version: v3.240621
DEBUG 2024-08-28 08:11:10.264 UTC: 	 Running on: Linux lxplus978.cern.ch 5.14.0-427.28.1.el9_4.x86_64 #1 SMP PREEMPT_DYNAMIC Fri Jul 19 14:40:47 EDT 2024 x86_64 x86_64 x86_64 GNU/Linux - Red Hat Enterprise Linux 9.4 (Plow)
DEBUG 2024-08-28 08:11:10.265 UTC: 	 Executing command: 'submit'
DEBUG 2024-08-28 08:11:10.265 UTC: 	 Found CRAB cache file /afs/cern.ch/user/s/skeshri/.crab3
DEBUG 2024-08-28 08:11:10.265 UTC: 	 Will use CRAB plugin ANALYSIS (i.e. will run an analysis job type).
DEBUG 2024-08-28 08:18:59.667 UTC: 	 CRAB Client version: v3.240621
DEBUG 2024-08-28 08:18:59.667 UTC: 	 Running on: Linux lxplus978.cern.ch 5.14.0-427.28.1.el9_4.x86_64 #1 SMP PREEMPT_DYNAMIC Fri Jul 19 14:40:47 EDT 2024 x86_64 x86_64 x86_64 GNU/Linux - Red Hat Enterprise Linux 9.4 (Plow)
DEBUG 2024-08-28 08:18:59.667 UTC: 	 Executing command: 'submit'
DEBUG 2024-08-28 08:18:59.667 UTC: 	 Found CRAB cache file /afs/cern.ch/user/s/skeshri/.crab3
DEBUG 2024-08-28 08:18:59.668 UTC: 	 Will use CRAB plugin ANALYSIS (i.e. will run an analysis job type).
DEBUG 2024-08-28 08:20:11.365 UTC: 	 CRAB Client version: v3.240621
DEBUG 2024-08-28 08:20:11.365 UTC: 	 Running on: Linux lxplus978.cern.ch 5.14.0-427.28.1.el9_4.x86_64 #1 SMP PREEMPT_DYNAMIC Fri Jul 19 14:40:47 EDT 2024 x86_64 x86_64 x86_64 GNU/Linux - Red Hat Enterprise Linux 9.4 (Plow)
DEBUG 2024-08-28 08:20:11.365 UTC: 	 Executing command: 'submit'
DEBUG 2024-08-28 08:20:11.365 UTC: 	 Found CRAB cache file /afs/cern.ch/user/s/skeshri/.crab3
DEBUG 2024-08-28 08:20:11.366 UTC: 	 Will use CRAB plugin ANALYSIS (i.e. will run an analysis job type).
DEBUG 2024-08-28 08:21:20.762 UTC: 	 CRAB Client version: v3.240621
DEBUG 2024-08-28 08:21:20.762 UTC: 	 Running on: Linux lxplus978.cern.ch 5.14.0-427.28.1.el9_4.x86_64 #1 SMP PREEMPT_DYNAMIC Fri Jul 19 14:40:47 EDT 2024 x86_64 x86_64 x86_64 GNU/Linux - Red Hat Enterprise Linux 9.4 (Plow)
DEBUG 2024-08-28 08:21:20.762 UTC: 	 Executing command: 'submit'
DEBUG 2024-08-28 08:21:20.762 UTC: 	 Found CRAB cache file /afs/cern.ch/user/s/skeshri/.crab3
DEBUG 2024-08-28 08:21:20.763 UTC: 	 Will use CRAB plugin ANALYSIS (i.e. will run an analysis job type).
DEBUG 2024-08-28 08:25:48.928 UTC: 	 CRAB Client version: v3.240621
DEBUG 2024-08-28 08:25:48.928 UTC: 	 Running on: Linux lxplus978.cern.ch 5.14.0-427.28.1.el9_4.x86_64 #1 SMP PREEMPT_DYNAMIC Fri Jul 19 14:40:47 EDT 2024 x86_64 x86_64 x86_64 GNU/Linux - Red Hat Enterprise Linux 9.4 (Plow)
DEBUG 2024-08-28 08:25:48.929 UTC: 	 Executing command: 'submit'
DEBUG 2024-08-28 08:25:48.929 UTC: 	 Found CRAB cache file /afs/cern.ch/user/s/skeshri/.crab3
DEBUG 2024-08-28 08:25:48.930 UTC: 	 Will use CRAB plugin ANALYSIS (i.e. will run an analysis job type).
DEBUG 2024-08-28 08:27:26.350 UTC: 	 CRAB Client version: v3.240621
DEBUG 2024-08-28 08:27:26.350 UTC: 	 Running on: Linux lxplus978.cern.ch 5.14.0-427.28.1.el9_4.x86_64 #1 SMP PREEMPT_DYNAMIC Fri Jul 19 14:40:47 EDT 2024 x86_64 x86_64 x86_64 GNU/Linux - Red Hat Enterprise Linux 9.4 (Plow)
DEBUG 2024-08-28 08:27:26.350 UTC: 	 Executing command: 'submit'
DEBUG 2024-08-28 08:27:26.350 UTC: 	 Found CRAB cache file /afs/cern.ch/user/s/skeshri/.crab3
DEBUG 2024-08-28 08:27:26.351 UTC: 	 Will use CRAB plugin ANALYSIS (i.e. will run an analysis job type).
